[ 2025-02-22 05:44:31 AM ] [ Test Server ]  -  Raw Query: undefined 
{
  "text": " SELECT COUNT(*) AS following_count FROM follow_info \n        WHERE follower_id = $1",
  "values": [
    "7"
  ]
}
[Body]
undefined
[ 2025-02-22 05:44:31 AM ] [ Test Server ]  -  Response /api/follows/countfollowing/7 
{
  "headers": {
    "x-powered-by": "Express",
    "access-control-allow-origin": "*"
  },
  "statusCode": 200
}
[Body]
{
  "statusCode": 200,
  "message": "success",
  "data": [
    {
      "countFollowing": {
        "followingCount": "2"
      }
    }
  ],
  "error": null
}
[ 2025-02-22 05:44:33 AM ] [ Test Server ]  -  Raw Query: undefined 
{
  "text": " SELECT COUNT(*) AS follwers_count \n        FROM follow_info \n        WHERE following_id = $1",
  "values": [
    "1"
  ]
}
[Body]
undefined
[ 2025-02-22 05:44:33 AM ] [ Test Server ]  -  Response /api/follows/countfollowers/1 
{
  "headers": {
    "x-powered-by": "Express",
    "access-control-allow-origin": "*"
  },
  "statusCode": 200
}
[Body]
{
  "statusCode": 200,
  "message": "success",
  "data": [
    {
      "countFollower": {
        "follwersCount": "0"
      }
    }
  ],
  "error": null
}
[ 2025-02-22 05:44:45 AM ] [ Test Server ]  -  Raw Query: undefined 
{
  "text": " SELECT COUNT(*) AS follwers_count \n        FROM follow_info \n        WHERE following_id = $1",
  "values": [
    "8"
  ]
}
[Body]
undefined
[ 2025-02-22 05:44:45 AM ] [ Test Server ]  -  Response /api/follows/countfollowers/8 
{
  "headers": {
    "x-powered-by": "Express",
    "access-control-allow-origin": "*"
  },
  "statusCode": 200
}
[Body]
{
  "statusCode": 200,
  "message": "success",
  "data": [
    {
      "countFollower": {
        "follwersCount": "1"
      }
    }
  ],
  "error": null
}
[ 2025-02-22 05:45:29 AM ] [ Test Server ]  -  Query: undefined 
{
  "query": "SELECT * FROM user_mst WHERE index = :userId;",
  "params": {
    "userId": 9
  }
}
[Body]
undefined
[ 2025-02-22 05:45:29 AM ] [ Test Server ]  -  Raw Query: undefined 
{
  "text": "SELECT * FROM user_mst WHERE index = $1;",
  "values": [
    9
  ]
}
[Body]
undefined
[ 2025-02-22 05:45:29 AM ] [ Test Server ]  -  Raw Query: undefined 
{
  "text": " SELECT index FROM follow_info WHERE follower_id = $2 AND following_id = $1",
  "values": [
    "9",
    9
  ]
}
[Body]
undefined
[ 2025-02-22 05:45:29 AM ] [ Test Server ]  -  Query: Create follow 
{
  "query": "INSERT INTO follow_info (follower_id,following_id) VALUES ('9', '9') RETURNING *;",
  "params": {}
}
[Body]
undefined
[ 2025-02-22 05:45:29 AM ] [ Test Server ]  -  Raw Query: Create follow 
{
  "text": "INSERT INTO follow_info (follower_id,following_id) VALUES ('9', '9') RETURNING *;",
  "values": []
}
[Body]
undefined
[ 2025-02-22 05:45:29 AM ] [ Test Server ]  -  Response /api/follows/9 
{
  "headers": {
    "x-powered-by": "Express",
    "access-control-allow-origin": "*"
  },
  "statusCode": 200
}
[Body]
{
  "statusCode": 200,
  "message": "success",
  "data": [
    {
      "result": {
        "message": "팔로우 했습니다.",
        "isFollowed": true
      }
    }
  ],
  "error": null
}
[ 2025-02-22 05:45:36 AM ] [ Test Server ]  -  Query: undefined 
{
  "query": "SELECT * FROM user_mst WHERE index = :userId;",
  "params": {
    "userId": 9
  }
}
[Body]
undefined
[ 2025-02-22 05:45:36 AM ] [ Test Server ]  -  Raw Query: undefined 
{
  "text": "SELECT * FROM user_mst WHERE index = $1;",
  "values": [
    9
  ]
}
[Body]
undefined
[ 2025-02-22 05:45:36 AM ] [ Test Server ]  -  Raw Query: undefined 
{
  "text": " SELECT index FROM follow_info WHERE follower_id = $2 AND following_id = $1",
  "values": [
    "8",
    9
  ]
}
[Body]
undefined
[ 2025-02-22 05:45:36 AM ] [ Test Server ]  -  Query: Create follow 
{
  "query": "INSERT INTO follow_info (follower_id,following_id) VALUES ('9', '8') RETURNING *;",
  "params": {}
}
[Body]
undefined
[ 2025-02-22 05:45:36 AM ] [ Test Server ]  -  Raw Query: Create follow 
{
  "text": "INSERT INTO follow_info (follower_id,following_id) VALUES ('9', '8') RETURNING *;",
  "values": []
}
[Body]
undefined
[ 2025-02-22 05:45:36 AM ] [ Test Server ]  -  Response /api/follows/8 
{
  "headers": {
    "x-powered-by": "Express",
    "access-control-allow-origin": "*"
  },
  "statusCode": 200
}
[Body]
{
  "statusCode": 200,
  "message": "success",
  "data": [
    {
      "result": {
        "message": "팔로우 했습니다.",
        "isFollowed": true
      }
    }
  ],
  "error": null
}
[ 2025-02-22 05:45:37 AM ] [ Test Server ]  -  Query: undefined 
{
  "query": "SELECT * FROM user_mst WHERE index = :userId;",
  "params": {
    "userId": 9
  }
}
[Body]
undefined
[ 2025-02-22 05:45:37 AM ] [ Test Server ]  -  Raw Query: undefined 
{
  "text": "SELECT * FROM user_mst WHERE index = $1;",
  "values": [
    9
  ]
}
[Body]
undefined
[ 2025-02-22 05:45:37 AM ] [ Test Server ]  -  Raw Query: undefined 
{
  "text": " SELECT index FROM follow_info WHERE follower_id = $2 AND following_id = $1",
  "values": [
    "8",
    9
  ]
}
[Body]
undefined
[ 2025-02-22 05:45:37 AM ] [ Test Server ]  -  Query: undefined 
{
  "query": "DELETE FROM follow_info WHERE index = :followId;",
  "params": {
    "followId": 11
  }
}
[Body]
undefined
[ 2025-02-22 05:45:37 AM ] [ Test Server ]  -  Raw Query: undefined 
{
  "text": "DELETE FROM follow_info WHERE index = $1;",
  "values": [
    11
  ]
}
[Body]
undefined
[ 2025-02-22 05:45:37 AM ] [ Test Server ]  -  Response /api/follows/8 
{
  "headers": {
    "x-powered-by": "Express",
    "access-control-allow-origin": "*"
  },
  "statusCode": 200
}
[Body]
{
  "statusCode": 200,
  "message": "success",
  "data": [
    {
      "result": {
        "message": "언팔로우 했습니다.",
        "isFollowed": false
      }
    }
  ],
  "error": null
}
[ 2025-02-22 05:45:38 AM ] [ Test Server ]  -  Query: undefined 
{
  "query": "SELECT * FROM user_mst WHERE index = :userId;",
  "params": {
    "userId": 9
  }
}
[Body]
undefined
[ 2025-02-22 05:45:38 AM ] [ Test Server ]  -  Raw Query: undefined 
{
  "text": "SELECT * FROM user_mst WHERE index = $1;",
  "values": [
    9
  ]
}
[Body]
undefined
[ 2025-02-22 05:45:38 AM ] [ Test Server ]  -  Raw Query: undefined 
{
  "text": " SELECT index FROM follow_info WHERE follower_id = $2 AND following_id = $1",
  "values": [
    "8",
    9
  ]
}
[Body]
undefined
[ 2025-02-22 05:45:38 AM ] [ Test Server ]  -  Query: Create follow 
{
  "query": "INSERT INTO follow_info (follower_id,following_id) VALUES ('9', '8') RETURNING *;",
  "params": {}
}
[Body]
undefined
[ 2025-02-22 05:45:38 AM ] [ Test Server ]  -  Raw Query: Create follow 
{
  "text": "INSERT INTO follow_info (follower_id,following_id) VALUES ('9', '8') RETURNING *;",
  "values": []
}
[Body]
undefined
[ 2025-02-22 05:45:38 AM ] [ Test Server ]  -  Response /api/follows/8 
{
  "headers": {
    "x-powered-by": "Express",
    "access-control-allow-origin": "*"
  },
  "statusCode": 200
}
[Body]
{
  "statusCode": 200,
  "message": "success",
  "data": [
    {
      "result": {
        "message": "팔로우 했습니다.",
        "isFollowed": true
      }
    }
  ],
  "error": null
}
[ 2025-02-22 05:45:40 AM ] [ Test Server ]  -  Query: undefined 
{
  "query": "SELECT * FROM user_mst WHERE index = :userId;",
  "params": {
    "userId": 9
  }
}
[Body]
undefined
[ 2025-02-22 05:45:40 AM ] [ Test Server ]  -  Raw Query: undefined 
{
  "text": "SELECT * FROM user_mst WHERE index = $1;",
  "values": [
    9
  ]
}
[Body]
undefined
[ 2025-02-22 05:45:40 AM ] [ Test Server ]  -  Raw Query: undefined 
{
  "text": " SELECT index FROM follow_info WHERE follower_id = $2 AND following_id = $1",
  "values": [
    "1",
    9
  ]
}
[Body]
undefined
[ 2025-02-22 05:45:40 AM ] [ Test Server ]  -  Query: Create follow 
{
  "query": "INSERT INTO follow_info (follower_id,following_id) VALUES ('9', '1') RETURNING *;",
  "params": {}
}
[Body]
undefined
[ 2025-02-22 05:45:40 AM ] [ Test Server ]  -  Raw Query: Create follow 
{
  "text": "INSERT INTO follow_info (follower_id,following_id) VALUES ('9', '1') RETURNING *;",
  "values": []
}
[Body]
undefined
[ 2025-02-22 05:45:40 AM ] [ Test Server ]  -  undefined 
{
  "length": 284,
  "name": "error",
  "severity": "ERROR",
  "code": "23503",
  "detail": "Key (following_id)=(1) is not present in table \"user_mst\".",
  "schema": "public",
  "table": "follow_info",
  "constraint": "follow_info_following_id_fkey",
  "file": "ri_triggers.c",
  "line": "2608",
  "routine": "ri_ReportViolation"
}
[Body]
undefined
[ 2025-02-22 05:45:40 AM ] [ Test Server ]  -  Error:  insert or update on table "follow_info" violates foreign key constraint "follow_info_following_id_fkey" 
{
  "length": 284,
  "name": "error",
  "severity": "ERROR",
  "code": "23503",
  "detail": "Key (following_id)=(1) is not present in table \"user_mst\".",
  "schema": "public",
  "table": "follow_info",
  "constraint": "follow_info_following_id_fkey",
  "file": "ri_triggers.c",
  "line": "2608",
  "routine": "ri_ReportViolation",
  "stack": "error: insert or update on table \"follow_info\" violates foreign key constraint \"follow_info_following_id_fkey\"\n    at /Users/gganj123/Desktop/study/rdb-api-study/node_modules/pg/lib/client.js:535:17\n    at process.processTicksAndRejections (node:internal/process/task_queues:105:5)\n    at async PgQueryBuilder.exec (file:///Users/gganj123/Desktop/study/rdb-api-study/util/PgQuey.js:226:32)\n    at async FollowMapper.exec (file:///Users/gganj123/Desktop/study/rdb-api-study/util/types/BaseMapper.js:32:14)\n    at async _FollowService.followToggle (file:///Users/gganj123/Desktop/study/rdb-api-study/modules/follow/FollowService.js:28:7)\n    at async transaction (file:///Users/gganj123/Desktop/study/rdb-api-study/database/DatabaseManager.js:46:20)\n    at async followToggle (file:///Users/gganj123/Desktop/study/rdb-api-study/modules/follow/FollowController.js:32:22)"
}
[Body]
undefined
[ 2025-02-22 05:45:40 AM ] [ Test Server ]  -  Response /api/follows/1 
{
  "headers": {
    "x-powered-by": "Express",
    "access-control-allow-origin": "*"
  },
  "statusCode": 200
}
[Body]
{
  "statusCode": 500,
  "message": "insert or update on table \"follow_info\" violates foreign key constraint \"follow_info_following_id_fkey\"",
  "data": null,
  "error": {
    "name": "error",
    "message": "insert or update on table \"follow_info\" violates foreign key constraint \"follow_info_following_id_fkey\"",
    "stack": "error: insert or update on table \"follow_info\" violates foreign key constraint \"follow_info_following_id_fkey\"\n    at /Users/gganj123/Desktop/study/rdb-api-study/node_modules/pg/lib/client.js:535:17\n    at process.processTicksAndRejections (node:internal/process/task_queues:105:5)\n    at async PgQueryBuilder.exec (file:///Users/gganj123/Desktop/study/rdb-api-study/util/PgQuey.js:226:32)\n    at async FollowMapper.exec (file:///Users/gganj123/Desktop/study/rdb-api-study/util/types/BaseMapper.js:32:14)\n    at async _FollowService.followToggle (file:///Users/gganj123/Desktop/study/rdb-api-study/modules/follow/FollowService.js:28:7)\n    at async transaction (file:///Users/gganj123/Desktop/study/rdb-api-study/database/DatabaseManager.js:46:20)\n    at async followToggle (file:///Users/gganj123/Desktop/study/rdb-api-study/modules/follow/FollowController.js:32:22)"
  }
}
[ 2025-02-22 05:45:43 AM ] [ Test Server ]  -  Query: undefined 
{
  "query": "SELECT * FROM user_mst WHERE index = :userId;",
  "params": {
    "userId": 9
  }
}
[Body]
undefined
[ 2025-02-22 05:45:43 AM ] [ Test Server ]  -  Raw Query: undefined 
{
  "text": "SELECT * FROM user_mst WHERE index = $1;",
  "values": [
    9
  ]
}
[Body]
undefined
[ 2025-02-22 05:45:43 AM ] [ Test Server ]  -  Raw Query: undefined 
{
  "text": " SELECT index FROM follow_info WHERE follower_id = $2 AND following_id = $1",
  "values": [
    "7",
    9
  ]
}
[Body]
undefined
[ 2025-02-22 05:45:43 AM ] [ Test Server ]  -  Query: Create follow 
{
  "query": "INSERT INTO follow_info (follower_id,following_id) VALUES ('9', '7') RETURNING *;",
  "params": {}
}
[Body]
undefined
[ 2025-02-22 05:45:43 AM ] [ Test Server ]  -  Raw Query: Create follow 
{
  "text": "INSERT INTO follow_info (follower_id,following_id) VALUES ('9', '7') RETURNING *;",
  "values": []
}
[Body]
undefined
[ 2025-02-22 05:45:43 AM ] [ Test Server ]  -  Response /api/follows/7 
{
  "headers": {
    "x-powered-by": "Express",
    "access-control-allow-origin": "*"
  },
  "statusCode": 200
}
[Body]
{
  "statusCode": 200,
  "message": "success",
  "data": [
    {
      "result": {
        "message": "팔로우 했습니다.",
        "isFollowed": true
      }
    }
  ],
  "error": null
}
[ 2025-02-22 05:45:45 AM ] [ Test Server ]  -  Query: undefined 
{
  "query": "SELECT * FROM user_mst WHERE index = :userId;",
  "params": {
    "userId": 9
  }
}
[Body]
undefined
[ 2025-02-22 05:45:45 AM ] [ Test Server ]  -  Raw Query: undefined 
{
  "text": "SELECT * FROM user_mst WHERE index = $1;",
  "values": [
    9
  ]
}
[Body]
undefined
[ 2025-02-22 05:45:45 AM ] [ Test Server ]  -  Raw Query: undefined 
{
  "text": " SELECT index FROM follow_info WHERE follower_id = $2 AND following_id = $1",
  "values": [
    "6",
    9
  ]
}
[Body]
undefined
[ 2025-02-22 05:45:45 AM ] [ Test Server ]  -  Query: Create follow 
{
  "query": "INSERT INTO follow_info (follower_id,following_id) VALUES ('9', '6') RETURNING *;",
  "params": {}
}
[Body]
undefined
[ 2025-02-22 05:45:45 AM ] [ Test Server ]  -  Raw Query: Create follow 
{
  "text": "INSERT INTO follow_info (follower_id,following_id) VALUES ('9', '6') RETURNING *;",
  "values": []
}
[Body]
undefined
[ 2025-02-22 05:45:45 AM ] [ Test Server ]  -  undefined 
{
  "length": 284,
  "name": "error",
  "severity": "ERROR",
  "code": "23503",
  "detail": "Key (following_id)=(6) is not present in table \"user_mst\".",
  "schema": "public",
  "table": "follow_info",
  "constraint": "follow_info_following_id_fkey",
  "file": "ri_triggers.c",
  "line": "2608",
  "routine": "ri_ReportViolation"
}
[Body]
undefined
[ 2025-02-22 05:45:45 AM ] [ Test Server ]  -  Error:  insert or update on table "follow_info" violates foreign key constraint "follow_info_following_id_fkey" 
{
  "length": 284,
  "name": "error",
  "severity": "ERROR",
  "code": "23503",
  "detail": "Key (following_id)=(6) is not present in table \"user_mst\".",
  "schema": "public",
  "table": "follow_info",
  "constraint": "follow_info_following_id_fkey",
  "file": "ri_triggers.c",
  "line": "2608",
  "routine": "ri_ReportViolation",
  "stack": "error: insert or update on table \"follow_info\" violates foreign key constraint \"follow_info_following_id_fkey\"\n    at /Users/gganj123/Desktop/study/rdb-api-study/node_modules/pg/lib/client.js:535:17\n    at process.processTicksAndRejections (node:internal/process/task_queues:105:5)\n    at async PgQueryBuilder.exec (file:///Users/gganj123/Desktop/study/rdb-api-study/util/PgQuey.js:226:32)\n    at async FollowMapper.exec (file:///Users/gganj123/Desktop/study/rdb-api-study/util/types/BaseMapper.js:32:14)\n    at async _FollowService.followToggle (file:///Users/gganj123/Desktop/study/rdb-api-study/modules/follow/FollowService.js:28:7)\n    at async transaction (file:///Users/gganj123/Desktop/study/rdb-api-study/database/DatabaseManager.js:46:20)\n    at async followToggle (file:///Users/gganj123/Desktop/study/rdb-api-study/modules/follow/FollowController.js:32:22)"
}
[Body]
undefined
[ 2025-02-22 05:45:45 AM ] [ Test Server ]  -  Response /api/follows/6 
{
  "headers": {
    "x-powered-by": "Express",
    "access-control-allow-origin": "*"
  },
  "statusCode": 200
}
[Body]
{
  "statusCode": 500,
  "message": "insert or update on table \"follow_info\" violates foreign key constraint \"follow_info_following_id_fkey\"",
  "data": null,
  "error": {
    "name": "error",
    "message": "insert or update on table \"follow_info\" violates foreign key constraint \"follow_info_following_id_fkey\"",
    "stack": "error: insert or update on table \"follow_info\" violates foreign key constraint \"follow_info_following_id_fkey\"\n    at /Users/gganj123/Desktop/study/rdb-api-study/node_modules/pg/lib/client.js:535:17\n    at process.processTicksAndRejections (node:internal/process/task_queues:105:5)\n    at async PgQueryBuilder.exec (file:///Users/gganj123/Desktop/study/rdb-api-study/util/PgQuey.js:226:32)\n    at async FollowMapper.exec (file:///Users/gganj123/Desktop/study/rdb-api-study/util/types/BaseMapper.js:32:14)\n    at async _FollowService.followToggle (file:///Users/gganj123/Desktop/study/rdb-api-study/modules/follow/FollowService.js:28:7)\n    at async transaction (file:///Users/gganj123/Desktop/study/rdb-api-study/database/DatabaseManager.js:46:20)\n    at async followToggle (file:///Users/gganj123/Desktop/study/rdb-api-study/modules/follow/FollowController.js:32:22)"
  }
}
[ 2025-02-22 05:46:22 AM ] [ Test Server ]  -  Raw Query: undefined 
{
  "text": " SELECT COUNT(*) AS follwers_count \n        FROM follow_info \n        WHERE following_id = $1",
  "values": [
    "8"
  ]
}
[Body]
undefined
[ 2025-02-22 05:46:22 AM ] [ Test Server ]  -  Response /api/follows/countfollowers/8 
{
  "headers": {
    "x-powered-by": "Express",
    "access-control-allow-origin": "*"
  },
  "statusCode": 200
}
[Body]
{
  "statusCode": 200,
  "message": "success",
  "data": [
    {
      "countFollower": {
        "follwersCount": "2"
      }
    }
  ],
  "error": null
}
[ 2025-02-22 05:46:24 AM ] [ Test Server ]  -  Raw Query: undefined 
{
  "text": " SELECT COUNT(*) AS following_count FROM follow_info \n        WHERE follower_id = $1",
  "values": [
    "7"
  ]
}
[Body]
undefined
[ 2025-02-22 05:46:24 AM ] [ Test Server ]  -  Response /api/follows/countfollowing/7 
{
  "headers": {
    "x-powered-by": "Express",
    "access-control-allow-origin": "*"
  },
  "statusCode": 200
}
[Body]
{
  "statusCode": 200,
  "message": "success",
  "data": [
    {
      "countFollowing": {
        "followingCount": "2"
      }
    }
  ],
  "error": null
}
[ 2025-02-22 05:46:29 AM ] [ Test Server ]  -  Raw Query: undefined 
{
  "text": " SELECT COUNT(*) AS following_count FROM follow_info \n        WHERE follower_id = $1",
  "values": [
    "9"
  ]
}
[Body]
undefined
[ 2025-02-22 05:46:29 AM ] [ Test Server ]  -  Response /api/follows/countfollowing/9 
{
  "headers": {
    "x-powered-by": "Express",
    "access-control-allow-origin": "*"
  },
  "statusCode": 200
}
[Body]
{
  "statusCode": 200,
  "message": "success",
  "data": [
    {
      "countFollowing": {
        "followingCount": "3"
      }
    }
  ],
  "error": null
}
[ 2025-02-22 05:46:32 AM ] [ Test Server ]  -  Raw Query: undefined 
{
  "text": " SELECT COUNT(*) AS follwers_count \n        FROM follow_info \n        WHERE following_id = $1",
  "values": [
    "9"
  ]
}
[Body]
undefined
[ 2025-02-22 05:46:32 AM ] [ Test Server ]  -  Response /api/follows/countfollowers/9 
{
  "headers": {
    "x-powered-by": "Express",
    "access-control-allow-origin": "*"
  },
  "statusCode": 200
}
[Body]
{
  "statusCode": 200,
  "message": "success",
  "data": [
    {
      "countFollower": {
        "follwersCount": "2"
      }
    }
  ],
  "error": null
}
[ 2025-02-22 06:12:05 AM ] [ Test Server ]  -  Raw Query: undefined 
{
  "text": " SELECT following_id, COUNT(*) AS followers_count \n            FROM follow_info \n            GROUP BY following_id \n            ORDER BY followers_count DESC \n            LIMIT $1",
  "values": [
    "5"
  ]
}
[Body]
undefined
[ 2025-02-22 06:12:05 AM ] [ Test Server ]  -  Response /api/follows/mostfollowers/5 
{
  "headers": {
    "x-powered-by": "Express",
    "access-control-allow-origin": "*"
  },
  "statusCode": 200
}
[Body]
{
  "statusCode": 200,
  "message": "success",
  "data": [
    {
      "countMostFollowedUser": {
        "followingId": 9,
        "followersCount": "2"
      }
    }
  ],
  "error": null
}
[ 2025-02-22 06:13:31 AM ] [ Test Server ]  -  Raw Query: undefined 
{
  "text": " SELECT following_id, COUNT(*) AS followers_count \n            FROM follow_info \n            GROUP BY following_id \n            ORDER BY followers_count DESC \n            LIMIT $1",
  "values": [
    "5"
  ]
}
[Body]
undefined
[ 2025-02-22 06:13:31 AM ] [ Test Server ]  -  Response /api/follows/mostfollowers/5 
{
  "headers": {
    "x-powered-by": "Express",
    "access-control-allow-origin": "*"
  },
  "statusCode": 200
}
[Body]
{
  "statusCode": 200,
  "message": "success",
  "data": [
    {
      "countMostFollowedUser": [
        {
          "followingId": 9,
          "followersCount": "2"
        },
        {
          "followingId": 8,
          "followersCount": "2"
        },
        {
          "followingId": 7,
          "followersCount": "1"
        }
      ]
    }
  ],
  "error": null
}
[ 2025-02-22 06:13:40 AM ] [ Test Server ]  -  Raw Query: undefined 
{
  "text": " SELECT following_id, COUNT(*) AS followers_count \n            FROM follow_info \n            GROUP BY following_id \n            ORDER BY followers_count DESC \n            LIMIT $1",
  "values": [
    "3"
  ]
}
[Body]
undefined
[ 2025-02-22 06:13:40 AM ] [ Test Server ]  -  Response /api/follows/mostfollowers/3 
{
  "headers": {
    "x-powered-by": "Express",
    "access-control-allow-origin": "*"
  },
  "statusCode": 200
}
[Body]
{
  "statusCode": 200,
  "message": "success",
  "data": [
    {
      "countMostFollowedUser": [
        {
          "followingId": 9,
          "followersCount": "2"
        },
        {
          "followingId": 8,
          "followersCount": "2"
        },
        {
          "followingId": 7,
          "followersCount": "1"
        }
      ]
    }
  ],
  "error": null
}
[ 2025-02-22 06:13:44 AM ] [ Test Server ]  -  Raw Query: undefined 
{
  "text": " SELECT following_id, COUNT(*) AS followers_count \n            FROM follow_info \n            GROUP BY following_id \n            ORDER BY followers_count DESC \n            LIMIT $1",
  "values": [
    "2"
  ]
}
[Body]
undefined
[ 2025-02-22 06:13:44 AM ] [ Test Server ]  -  Response /api/follows/mostfollowers/2 
{
  "headers": {
    "x-powered-by": "Express",
    "access-control-allow-origin": "*"
  },
  "statusCode": 200
}
[Body]
{
  "statusCode": 200,
  "message": "success",
  "data": [
    {
      "countMostFollowedUser": [
        {
          "followingId": 9,
          "followersCount": "2"
        },
        {
          "followingId": 8,
          "followersCount": "2"
        }
      ]
    }
  ],
  "error": null
}
[ 2025-02-22 06:13:47 AM ] [ Test Server ]  -  Raw Query: undefined 
{
  "text": " SELECT following_id, COUNT(*) AS followers_count \n            FROM follow_info \n            GROUP BY following_id \n            ORDER BY followers_count DESC \n            LIMIT $1",
  "values": [
    "3"
  ]
}
[Body]
undefined
[ 2025-02-22 06:13:47 AM ] [ Test Server ]  -  Response /api/follows/mostfollowers/3 
{
  "headers": {
    "x-powered-by": "Express",
    "access-control-allow-origin": "*"
  },
  "statusCode": 200
}
[Body]
{
  "statusCode": 200,
  "message": "success",
  "data": [
    {
      "countMostFollowedUser": [
        {
          "followingId": 9,
          "followersCount": "2"
        },
        {
          "followingId": 8,
          "followersCount": "2"
        },
        {
          "followingId": 7,
          "followersCount": "1"
        }
      ]
    }
  ],
  "error": null
}
[ 2025-02-22 06:22:20 AM ] [ Test Server ]  -  Error:  this.followMapper.countFollowing is not a function 
{
  "stack": "TypeError: this.followMapper.countFollowing is not a function\n    at _FollowService.countFollowing (file:///Users/gganj123/Desktop/study/rdb-api-study/modules/follow/FollowService.js:85:52)\n    at file:///Users/gganj123/Desktop/study/rdb-api-study/database/TransactionProxy.js:45:58\n    at AsyncLocalStorage.run (node:internal/async_local_storage/async_hooks:91:14)\n    at file:///Users/gganj123/Desktop/study/rdb-api-study/database/TransactionProxy.js:45:34\n    at transaction (file:///Users/gganj123/Desktop/study/rdb-api-study/database/DatabaseManager.js:46:26)\n    at process.processTicksAndRejections (node:internal/process/task_queues:105:5)\n    at async countFollowing (file:///Users/gganj123/Desktop/study/rdb-api-study/modules/follow/FollowController.js:106:30)"
}
[Body]
undefined
[ 2025-02-22 06:22:20 AM ] [ Test Server ]  -  Response /api/follows/countfollowing/9 
{
  "headers": {
    "x-powered-by": "Express",
    "access-control-allow-origin": "*"
  },
  "statusCode": 200
}
[Body]
{
  "statusCode": 500,
  "message": "this.followMapper.countFollowing is not a function",
  "data": null,
  "error": {
    "name": "TypeError",
    "message": "this.followMapper.countFollowing is not a function",
    "stack": "TypeError: this.followMapper.countFollowing is not a function\n    at _FollowService.countFollowing (file:///Users/gganj123/Desktop/study/rdb-api-study/modules/follow/FollowService.js:85:52)\n    at file:///Users/gganj123/Desktop/study/rdb-api-study/database/TransactionProxy.js:45:58\n    at AsyncLocalStorage.run (node:internal/async_local_storage/async_hooks:91:14)\n    at file:///Users/gganj123/Desktop/study/rdb-api-study/database/TransactionProxy.js:45:34\n    at transaction (file:///Users/gganj123/Desktop/study/rdb-api-study/database/DatabaseManager.js:46:26)\n    at process.processTicksAndRejections (node:internal/process/task_queues:105:5)\n    at async countFollowing (file:///Users/gganj123/Desktop/study/rdb-api-study/modules/follow/FollowController.js:106:30)"
  }
}
[ 2025-02-22 06:22:23 AM ] [ Test Server ]  -  Raw Query: undefined 
{
  "text": " SELECT following_id, COUNT(*) AS followers_count \n            FROM follow_info \n            GROUP BY following_id \n            ORDER BY followers_count DESC \n            LIMIT $1",
  "values": [
    "3"
  ]
}
[Body]
undefined
[ 2025-02-22 06:22:23 AM ] [ Test Server ]  -  Response /api/follows/mostfollowers/3 
{
  "headers": {
    "x-powered-by": "Express",
    "access-control-allow-origin": "*"
  },
  "statusCode": 200
}
[Body]
{
  "statusCode": 200,
  "message": "success",
  "data": [
    {
      "mostFollowedUser": [
        {
          "followingId": 9,
          "followersCount": "2"
        },
        {
          "followingId": 8,
          "followersCount": "2"
        },
        {
          "followingId": 7,
          "followersCount": "1"
        }
      ]
    }
  ],
  "error": null
}
[ 2025-02-22 06:22:25 AM ] [ Test Server ]  -  Response /api/follows/mostfollowers/ 
{
  "headers": {
    "x-powered-by": "Express",
    "access-control-allow-origin": "*"
  },
  "statusCode": 200
}
[Body]
{
  "statusCode": 401,
  "message": "token is invalid",
  "data": null,
  "error": null
}
[ 2025-02-22 06:22:36 AM ] [ Test Server ]  -  Response /api/follows/mostfollowers/ 
{
  "headers": {
    "x-powered-by": "Express",
    "access-control-allow-origin": "*"
  },
  "statusCode": 200
}
[Body]
{
  "statusCode": 401,
  "message": "token is invalid",
  "data": null,
  "error": null
}
[ 2025-02-22 06:22:42 AM ] [ Test Server ]  -  Raw Query: undefined 
{
  "text": " SELECT following_id, COUNT(*) AS followers_count \n            FROM follow_info \n            GROUP BY following_id \n            ORDER BY followers_count DESC \n            LIMIT $1",
  "values": [
    "7"
  ]
}
[Body]
undefined
[ 2025-02-22 06:22:42 AM ] [ Test Server ]  -  Response /api/follows/mostfollowers/7 
{
  "headers": {
    "x-powered-by": "Express",
    "access-control-allow-origin": "*"
  },
  "statusCode": 200
}
[Body]
{
  "statusCode": 200,
  "message": "success",
  "data": [
    {
      "mostFollowedUser": [
        {
          "followingId": 9,
          "followersCount": "2"
        },
        {
          "followingId": 8,
          "followersCount": "2"
        },
        {
          "followingId": 7,
          "followersCount": "1"
        }
      ]
    }
  ],
  "error": null
}
[ 2025-02-22 06:27:09 AM ] [ Test Server ]  -  Raw Query: undefined 
{
  "text": " SELECT follower_id, COUNT(*) AS following_count \n        FROM follow_into \n        GROUP BY follower_id \n        ORDER BY following_count DESC\n        LIMIT $1",
  "values": [
    "3"
  ]
}
[Body]
undefined
[ 2025-02-22 06:27:09 AM ] [ Test Server ]  -  undefined 
{
  "length": 110,
  "name": "error",
  "severity": "ERROR",
  "code": "42P01",
  "position": "64",
  "file": "parse_relation.c",
  "line": "1449",
  "routine": "parserOpenTable"
}
[Body]
undefined
[ 2025-02-22 06:27:09 AM ] [ Test Server ]  -  Error:  relation "follow_into" does not exist 
{
  "length": 110,
  "name": "error",
  "severity": "ERROR",
  "code": "42P01",
  "position": "64",
  "file": "parse_relation.c",
  "line": "1449",
  "routine": "parserOpenTable",
  "stack": "error: relation \"follow_into\" does not exist\n    at /Users/gganj123/Desktop/study/rdb-api-study/node_modules/pg/lib/client.js:535:17\n    at process.processTicksAndRejections (node:internal/process/task_queues:105:5)\n    at async PgQueryBuilder.rawFindMany (file:///Users/gganj123/Desktop/study/rdb-api-study/util/PgQuey.js:245:32)\n    at async FollowMapper.exec (file:///Users/gganj123/Desktop/study/rdb-api-study/util/types/BaseMapper.js:32:14)\n    at async _FollowService.countMostFollowingUser (file:///Users/gganj123/Desktop/study/rdb-api-study/modules/follow/FollowService.js:107:31)\n    at async transaction (file:///Users/gganj123/Desktop/study/rdb-api-study/database/DatabaseManager.js:46:20)\n    at async countMostFollowingUser (file:///Users/gganj123/Desktop/study/rdb-api-study/modules/follow/FollowController.js:134:33)"
}
[Body]
undefined
[ 2025-02-22 06:27:09 AM ] [ Test Server ]  -  Response /api/follows/mostfollowing/3 
{
  "headers": {
    "x-powered-by": "Express",
    "access-control-allow-origin": "*"
  },
  "statusCode": 200
}
[Body]
{
  "statusCode": 500,
  "message": "relation \"follow_into\" does not exist",
  "data": null,
  "error": {
    "name": "error",
    "message": "relation \"follow_into\" does not exist",
    "stack": "error: relation \"follow_into\" does not exist\n    at /Users/gganj123/Desktop/study/rdb-api-study/node_modules/pg/lib/client.js:535:17\n    at process.processTicksAndRejections (node:internal/process/task_queues:105:5)\n    at async PgQueryBuilder.rawFindMany (file:///Users/gganj123/Desktop/study/rdb-api-study/util/PgQuey.js:245:32)\n    at async FollowMapper.exec (file:///Users/gganj123/Desktop/study/rdb-api-study/util/types/BaseMapper.js:32:14)\n    at async _FollowService.countMostFollowingUser (file:///Users/gganj123/Desktop/study/rdb-api-study/modules/follow/FollowService.js:107:31)\n    at async transaction (file:///Users/gganj123/Desktop/study/rdb-api-study/database/DatabaseManager.js:46:20)\n    at async countMostFollowingUser (file:///Users/gganj123/Desktop/study/rdb-api-study/modules/follow/FollowController.js:134:33)"
  }
}
[ 2025-02-22 06:27:21 AM ] [ Test Server ]  -  Raw Query: undefined 
{
  "text": " SELECT follower_id, COUNT(*) AS following_count \n        FROM follow_info \n        GROUP BY follower_id \n        ORDER BY following_count DESC\n        LIMIT $1",
  "values": [
    "3"
  ]
}
[Body]
undefined
[ 2025-02-22 06:27:21 AM ] [ Test Server ]  -  Response /api/follows/mostfollowing/3 
{
  "headers": {
    "x-powered-by": "Express",
    "access-control-allow-origin": "*"
  },
  "statusCode": 200
}
[Body]
{
  "statusCode": 200,
  "message": "success",
  "data": [
    {
      "mostFollowingUser": [
        {
          "followerId": 9,
          "followingCount": "3"
        },
        {
          "followerId": 7,
          "followingCount": "2"
        }
      ]
    }
  ],
  "error": null
}
[ 2025-02-22 06:27:43 AM ] [ Test Server ]  -  Raw Query: undefined 
{
  "text": " SELECT following_id, COUNT(*) AS followers_count \n            FROM follow_info \n            GROUP BY following_id \n            ORDER BY followers_count DESC \n            LIMIT $1",
  "values": [
    "3"
  ]
}
[Body]
undefined
[ 2025-02-22 06:27:43 AM ] [ Test Server ]  -  Response /api/follows/mostfollowers/3 
{
  "headers": {
    "x-powered-by": "Express",
    "access-control-allow-origin": "*"
  },
  "statusCode": 200
}
[Body]
{
  "statusCode": 200,
  "message": "success",
  "data": [
    {
      "mostFollowedUser": [
        {
          "followingId": 9,
          "followersCount": "2"
        },
        {
          "followingId": 8,
          "followersCount": "2"
        },
        {
          "followingId": 7,
          "followersCount": "1"
        }
      ]
    }
  ],
  "error": null
}
[ 2025-02-22 06:55:10 AM ] [ Test Server ]  -  undefined
[ 2025-02-22 06:55:10 AM ] [ Test Server ]  -  Error:  Invalid param: followingId cannot be null or undefined 
{
  "stack": "Error: Invalid param: followingId cannot be null or undefined\n    at PgQueryBuilder.addParam (file:///Users/gganj123/Desktop/study/rdb-api-study/util/PgQuey.js:195:13)\n    at file:///Users/gganj123/Desktop/study/rdb-api-study/modules/follow/FollowMapper.js:206:10\n    at FollowMapper.exec (file:///Users/gganj123/Desktop/study/rdb-api-study/util/types/BaseMapper.js:32:20)\n    at FollowMapper.adminDeleteFollow (file:///Users/gganj123/Desktop/study/rdb-api-study/modules/follow/FollowMapper.js:199:17)\n    at _FollowService.adminDeleteFollow (file:///Users/gganj123/Desktop/study/rdb-api-study/modules/follow/FollowService.js:120:50)\n    at file:///Users/gganj123/Desktop/study/rdb-api-study/database/TransactionProxy.js:45:58\n    at AsyncLocalStorage.run (node:internal/async_local_storage/async_hooks:91:14)\n    at file:///Users/gganj123/Desktop/study/rdb-api-study/database/TransactionProxy.js:45:34\n    at transaction (file:///Users/gganj123/Desktop/study/rdb-api-study/database/DatabaseManager.js:46:26)\n    at process.processTicksAndRejections (node:internal/process/task_queues:105:5)"
}
[Body]
undefined
[ 2025-02-22 06:55:10 AM ] [ Test Server ]  -  Response /api/follows/5/10 
{
  "headers": {
    "x-powered-by": "Express",
    "access-control-allow-origin": "*"
  },
  "statusCode": 200
}
[Body]
{
  "statusCode": 500,
  "message": "Invalid param: followingId cannot be null or undefined",
  "data": null,
  "error": {
    "name": "Error",
    "message": "Invalid param: followingId cannot be null or undefined",
    "stack": "Error: Invalid param: followingId cannot be null or undefined\n    at PgQueryBuilder.addParam (file:///Users/gganj123/Desktop/study/rdb-api-study/util/PgQuey.js:195:13)\n    at file:///Users/gganj123/Desktop/study/rdb-api-study/modules/follow/FollowMapper.js:206:10\n    at FollowMapper.exec (file:///Users/gganj123/Desktop/study/rdb-api-study/util/types/BaseMapper.js:32:20)\n    at FollowMapper.adminDeleteFollow (file:///Users/gganj123/Desktop/study/rdb-api-study/modules/follow/FollowMapper.js:199:17)\n    at _FollowService.adminDeleteFollow (file:///Users/gganj123/Desktop/study/rdb-api-study/modules/follow/FollowService.js:120:50)\n    at file:///Users/gganj123/Desktop/study/rdb-api-study/database/TransactionProxy.js:45:58\n    at AsyncLocalStorage.run (node:internal/async_local_storage/async_hooks:91:14)\n    at file:///Users/gganj123/Desktop/study/rdb-api-study/database/TransactionProxy.js:45:34\n    at transaction (file:///Users/gganj123/Desktop/study/rdb-api-study/database/DatabaseManager.js:46:26)\n    at process.processTicksAndRejections (node:internal/process/task_queues:105:5)"
  }
}
[ 2025-02-22 06:55:20 AM ] [ Test Server ]  -  undefined
[ 2025-02-22 06:55:20 AM ] [ Test Server ]  -  Error:  Invalid param: followingId cannot be null or undefined 
{
  "stack": "Error: Invalid param: followingId cannot be null or undefined\n    at PgQueryBuilder.addParam (file:///Users/gganj123/Desktop/study/rdb-api-study/util/PgQuey.js:195:13)\n    at file:///Users/gganj123/Desktop/study/rdb-api-study/modules/follow/FollowMapper.js:206:10\n    at FollowMapper.exec (file:///Users/gganj123/Desktop/study/rdb-api-study/util/types/BaseMapper.js:32:20)\n    at FollowMapper.adminDeleteFollow (file:///Users/gganj123/Desktop/study/rdb-api-study/modules/follow/FollowMapper.js:199:17)\n    at _FollowService.adminDeleteFollow (file:///Users/gganj123/Desktop/study/rdb-api-study/modules/follow/FollowService.js:120:50)\n    at file:///Users/gganj123/Desktop/study/rdb-api-study/database/TransactionProxy.js:45:58\n    at AsyncLocalStorage.run (node:internal/async_local_storage/async_hooks:91:14)\n    at file:///Users/gganj123/Desktop/study/rdb-api-study/database/TransactionProxy.js:45:34\n    at transaction (file:///Users/gganj123/Desktop/study/rdb-api-study/database/DatabaseManager.js:46:26)\n    at process.processTicksAndRejections (node:internal/process/task_queues:105:5)"
}
[Body]
undefined
[ 2025-02-22 06:55:20 AM ] [ Test Server ]  -  Response /api/follows/8/7 
{
  "headers": {
    "x-powered-by": "Express",
    "access-control-allow-origin": "*"
  },
  "statusCode": 200
}
[Body]
{
  "statusCode": 500,
  "message": "Invalid param: followingId cannot be null or undefined",
  "data": null,
  "error": {
    "name": "Error",
    "message": "Invalid param: followingId cannot be null or undefined",
    "stack": "Error: Invalid param: followingId cannot be null or undefined\n    at PgQueryBuilder.addParam (file:///Users/gganj123/Desktop/study/rdb-api-study/util/PgQuey.js:195:13)\n    at file:///Users/gganj123/Desktop/study/rdb-api-study/modules/follow/FollowMapper.js:206:10\n    at FollowMapper.exec (file:///Users/gganj123/Desktop/study/rdb-api-study/util/types/BaseMapper.js:32:20)\n    at FollowMapper.adminDeleteFollow (file:///Users/gganj123/Desktop/study/rdb-api-study/modules/follow/FollowMapper.js:199:17)\n    at _FollowService.adminDeleteFollow (file:///Users/gganj123/Desktop/study/rdb-api-study/modules/follow/FollowService.js:120:50)\n    at file:///Users/gganj123/Desktop/study/rdb-api-study/database/TransactionProxy.js:45:58\n    at AsyncLocalStorage.run (node:internal/async_local_storage/async_hooks:91:14)\n    at file:///Users/gganj123/Desktop/study/rdb-api-study/database/TransactionProxy.js:45:34\n    at transaction (file:///Users/gganj123/Desktop/study/rdb-api-study/database/DatabaseManager.js:46:26)\n    at process.processTicksAndRejections (node:internal/process/task_queues:105:5)"
  }
}
[ 2025-02-22 06:58:29 AM ] [ Test Server ]  -  undefined
[ 2025-02-22 06:58:29 AM ] [ Test Server ]  -  Error:  Invalid param: followingId cannot be null or undefined 
{
  "stack": "Error: Invalid param: followingId cannot be null or undefined\n    at PgQueryBuilder.addParam (file:///Users/gganj123/Desktop/study/rdb-api-study/util/PgQuey.js:195:13)\n    at file:///Users/gganj123/Desktop/study/rdb-api-study/modules/follow/FollowMapper.js:206:10\n    at FollowMapper.exec (file:///Users/gganj123/Desktop/study/rdb-api-study/util/types/BaseMapper.js:32:20)\n    at FollowMapper.adminDeleteFollow (file:///Users/gganj123/Desktop/study/rdb-api-study/modules/follow/FollowMapper.js:199:17)\n    at _FollowService.adminDeleteFollow (file:///Users/gganj123/Desktop/study/rdb-api-study/modules/follow/FollowService.js:120:50)\n    at file:///Users/gganj123/Desktop/study/rdb-api-study/database/TransactionProxy.js:45:58\n    at AsyncLocalStorage.run (node:internal/async_local_storage/async_hooks:91:14)\n    at file:///Users/gganj123/Desktop/study/rdb-api-study/database/TransactionProxy.js:45:34\n    at transaction (file:///Users/gganj123/Desktop/study/rdb-api-study/database/DatabaseManager.js:46:26)\n    at process.processTicksAndRejections (node:internal/process/task_queues:105:5)"
}
[Body]
undefined
[ 2025-02-22 06:58:29 AM ] [ Test Server ]  -  Response /api/follows/8/7 
{
  "headers": {
    "x-powered-by": "Express",
    "access-control-allow-origin": "*"
  },
  "statusCode": 200
}
[Body]
{
  "statusCode": 500,
  "message": "Invalid param: followingId cannot be null or undefined",
  "data": null,
  "error": {
    "name": "Error",
    "message": "Invalid param: followingId cannot be null or undefined",
    "stack": "Error: Invalid param: followingId cannot be null or undefined\n    at PgQueryBuilder.addParam (file:///Users/gganj123/Desktop/study/rdb-api-study/util/PgQuey.js:195:13)\n    at file:///Users/gganj123/Desktop/study/rdb-api-study/modules/follow/FollowMapper.js:206:10\n    at FollowMapper.exec (file:///Users/gganj123/Desktop/study/rdb-api-study/util/types/BaseMapper.js:32:20)\n    at FollowMapper.adminDeleteFollow (file:///Users/gganj123/Desktop/study/rdb-api-study/modules/follow/FollowMapper.js:199:17)\n    at _FollowService.adminDeleteFollow (file:///Users/gganj123/Desktop/study/rdb-api-study/modules/follow/FollowService.js:120:50)\n    at file:///Users/gganj123/Desktop/study/rdb-api-study/database/TransactionProxy.js:45:58\n    at AsyncLocalStorage.run (node:internal/async_local_storage/async_hooks:91:14)\n    at file:///Users/gganj123/Desktop/study/rdb-api-study/database/TransactionProxy.js:45:34\n    at transaction (file:///Users/gganj123/Desktop/study/rdb-api-study/database/DatabaseManager.js:46:26)\n    at process.processTicksAndRejections (node:internal/process/task_queues:105:5)"
  }
}
[ 2025-02-22 06:59:51 AM ] [ Test Server ]  -  Raw Query: undefined 
{
  "text": " DELETE FROM follow_info \n           WHERE following_id = $1 \n           AND follower_id = $2",
  "values": [
    "7",
    "8"
  ]
}
[Body]
undefined
[ 2025-02-22 06:59:51 AM ] [ Test Server ]  -  Error:  sendResponse.data is not a function 
{
  "stack": "TypeError: sendResponse.data is not a function\n    at adminDeleteFollow (file:///Users/gganj123/Desktop/study/rdb-api-study/modules/follow/FollowController.js:161:20)\n    at process.processTicksAndRejections (node:internal/process/task_queues:105:5)"
}
[Body]
undefined
[ 2025-02-22 06:59:51 AM ] [ Test Server ]  -  Response /api/follows/8/7 
{
  "headers": {
    "x-powered-by": "Express",
    "access-control-allow-origin": "*"
  },
  "statusCode": 200
}
[Body]
{
  "statusCode": 500,
  "message": "sendResponse.data is not a function",
  "data": null,
  "error": {
    "name": "TypeError",
    "message": "sendResponse.data is not a function",
    "stack": "TypeError: sendResponse.data is not a function\n    at adminDeleteFollow (file:///Users/gganj123/Desktop/study/rdb-api-study/modules/follow/FollowController.js:161:20)\n    at process.processTicksAndRejections (node:internal/process/task_queues:105:5)"
  }
}
[ 2025-02-22 07:00:11 AM ] [ Test Server ]  -  Raw Query: undefined 
{
  "text": " DELETE FROM follow_info \n           WHERE following_id = $1 \n           AND follower_id = $2",
  "values": [
    "7",
    "8"
  ]
}
[Body]
undefined
[ 2025-02-22 07:00:11 AM ] [ Test Server ]  -  Response /api/follows/8/7 
{
  "headers": {
    "x-powered-by": "Express",
    "access-control-allow-origin": "*"
  },
  "statusCode": 200
}
[Body]
{
  "statusCode": 200,
  "message": "success",
  "data": [
    {
      "deleteFollow": {
        "message": "삭제할 팔로우 관계가 없습니다."
      }
    }
  ],
  "error": null
}
[ 2025-02-22 07:00:13 AM ] [ Test Server ]  -  Raw Query: undefined 
{
  "text": " DELETE FROM follow_info \n           WHERE following_id = $1 \n           AND follower_id = $2",
  "values": [
    "7",
    "8"
  ]
}
[Body]
undefined
[ 2025-02-22 07:00:13 AM ] [ Test Server ]  -  Response /api/follows/8/7 
{
  "headers": {
    "x-powered-by": "Express",
    "access-control-allow-origin": "*"
  },
  "statusCode": 200
}
[Body]
{
  "statusCode": 200,
  "message": "success",
  "data": [
    {
      "deleteFollow": {
        "message": "삭제할 팔로우 관계가 없습니다."
      }
    }
  ],
  "error": null
}
[ 2025-02-22 07:02:01 AM ] [ Test Server ]  -  Query: undefined 
{
  "query": "SELECT * FROM user_mst WHERE index = :userId;",
  "params": {
    "userId": 7
  }
}
[Body]
undefined
[ 2025-02-22 07:02:01 AM ] [ Test Server ]  -  Raw Query: undefined 
{
  "text": "SELECT * FROM user_mst WHERE index = $1;",
  "values": [
    7
  ]
}
[Body]
undefined
[ 2025-02-22 07:02:01 AM ] [ Test Server ]  -  Raw Query: undefined 
{
  "text": " SELECT index FROM follow_info \n          WHERE follower_id = $2 \n          AND following_id = $1",
  "values": [
    "8",
    7
  ]
}
[Body]
undefined
[ 2025-02-22 07:02:01 AM ] [ Test Server ]  -  Response /api/follows/status/8 
{
  "headers": {
    "x-powered-by": "Express",
    "access-control-allow-origin": "*"
  },
  "statusCode": 200
}
[Body]
{
  "statusCode": 200,
  "message": "success",
  "data": [
    {
      "isFollowed": true
    }
  ],
  "error": null
}
[ 2025-02-22 07:25:27 AM ] [ Test Server ]  -  Query: undefined 
{
  "query": "SELECT * FROM user_mst WHERE index = :userId;",
  "params": {
    "userId": "12"
  }
}
[Body]
undefined
[ 2025-02-22 07:25:27 AM ] [ Test Server ]  -  Raw Query: undefined 
{
  "text": "SELECT * FROM user_mst WHERE index = $1;",
  "values": [
    "12"
  ]
}
[Body]
undefined
[ 2025-02-22 07:25:27 AM ] [ Test Server ]  -  Error:  해당 userId의 사용자가 없습니다. 
{
  "stack": "Error: 해당 userId의 사용자가 없습니다.\n    at findById (file:///Users/gganj123/Desktop/study/rdb-api-study/modules/user/UserController.js:67:11)\n    at process.processTicksAndRejections (node:internal/process/task_queues:105:5)"
}
[Body]
undefined
[ 2025-02-22 07:25:27 AM ] [ Test Server ]  -  Response /api/users/id/12 
{
  "headers": {
    "x-powered-by": "Express",
    "access-control-allow-origin": "*"
  },
  "statusCode": 200
}
[Body]
{
  "statusCode": 500,
  "message": "해당 userId의 사용자가 없습니다.",
  "data": null,
  "error": {
    "name": "Error",
    "message": "해당 userId의 사용자가 없습니다.",
    "stack": "Error: 해당 userId의 사용자가 없습니다.\n    at findById (file:///Users/gganj123/Desktop/study/rdb-api-study/modules/user/UserController.js:67:11)\n    at process.processTicksAndRejections (node:internal/process/task_queues:105:5)"
  }
}
[ 2025-02-22 07:25:43 AM ] [ Test Server ]  -  Query: undefined 
{
  "query": "SELECT * FROM user_mst WHERE index = :userId;",
  "params": {
    "userId": "7"
  }
}
[Body]
undefined
[ 2025-02-22 07:25:43 AM ] [ Test Server ]  -  Raw Query: undefined 
{
  "text": "SELECT * FROM user_mst WHERE index = $1;",
  "values": [
    "7"
  ]
}
[Body]
undefined
[ 2025-02-22 07:25:43 AM ] [ Test Server ]  -  Response /api/users/id/7 
{
  "headers": {
    "x-powered-by": "Express",
    "access-control-allow-origin": "*"
  },
  "statusCode": 200
}
[Body]
{
  "statusCode": 200,
  "message": "success",
  "data": [
    {
      "user": {
        "index": 7,
        "name": "이름3",
        "email": "daehyeon3@heredotcorp.com",
        "password": "$2a$10$q7aX5wwpjiKPqKiBMw2fqehpzKWv1FJlwhZGiYVhchER38tKEzmvy",
        "createdTime": "2025-02-14 12:56:47",
        "updateTime": null
      }
    }
  ],
  "error": null
}
