[ 2025-02-23 12:00:07 AM ] [ Test Server ]  -  Query: undefined 
{
  "query": "SELECT * FROM user_mst WHERE index = :userId;",
  "params": {
    "userId": 20
  }
}
[Body]
undefined
[ 2025-02-23 12:00:07 AM ] [ Test Server ]  -  Raw Query: undefined 
{
  "text": "SELECT * FROM user_mst WHERE index = $1;",
  "values": [
    20
  ]
}
[Body]
undefined
[ 2025-02-23 12:00:07 AM ] [ Test Server ]  -  Raw Query: undefined 
{
  "text": " SELECT COUNT('*') AS comment_count FROM comment_info",
  "values": []
}
[Body]
undefined
[ 2025-02-23 12:00:07 AM ] [ Test Server ]  -  Response /api/admin/commentcount 
{
  "headers": {
    "x-powered-by": "Express",
    "access-control-allow-origin": "*"
  },
  "statusCode": 200
}
[Body]
{
  "statusCode": 200,
  "message": "success",
  "data": [
    {
      "countComment": {
        "commentCount": "2"
      }
    }
  ],
  "error": null
}
[ 2025-02-23 12:00:13 AM ] [ Test Server ]  -  Query: undefined 
{
  "query": "SELECT * FROM user_mst WHERE index = :userId;",
  "params": {
    "userId": 20
  }
}
[Body]
undefined
[ 2025-02-23 12:00:13 AM ] [ Test Server ]  -  Raw Query: undefined 
{
  "text": "SELECT * FROM user_mst WHERE index = $1;",
  "values": [
    20
  ]
}
[Body]
undefined
[ 2025-02-23 12:00:13 AM ] [ Test Server ]  -  Query: Create Comment 
{
  "query": "INSERT INTO public.comment_info (content, post_id, created_id) VALUES ('첫 댓글입니다.', '1', '20') RETURNING *;",
  "params": {}
}
[Body]
undefined
[ 2025-02-23 12:00:13 AM ] [ Test Server ]  -  Raw Query: Create Comment 
{
  "text": "INSERT INTO public.comment_info (content, post_id, created_id) VALUES ('첫 댓글입니다.', '1', '20') RETURNING *;",
  "values": []
}
[Body]
undefined
[ 2025-02-23 12:00:13 AM ] [ Test Server ]  -  Response /api/comments/ 
{
  "headers": {
    "x-powered-by": "Express",
    "access-control-allow-origin": "*"
  },
  "statusCode": 200
}
[Body]
{
  "statusCode": 200,
  "message": "success",
  "data": [
    {
      "createdComment": {
        "index": 6,
        "content": "첫 댓글입니다.",
        "postId": 1,
        "createdId": 20,
        "createdTime": "2025-02-22T15:00:15.000Z",
        "updateTime": null
      }
    }
  ],
  "error": null
}
[ 2025-02-23 12:00:28 AM ] [ Test Server ]  -  Query: undefined 
{
  "query": "SELECT * FROM user_mst WHERE index = :userId;",
  "params": {
    "userId": 20
  }
}
[Body]
undefined
[ 2025-02-23 12:00:28 AM ] [ Test Server ]  -  Raw Query: undefined 
{
  "text": "SELECT * FROM user_mst WHERE index = $1;",
  "values": [
    20
  ]
}
[Body]
undefined
[ 2025-02-23 12:00:28 AM ] [ Test Server ]  -  Raw Query: undefined 
{
  "text": " SELECT COUNT('*') AS comment_count FROM comment_info",
  "values": []
}
[Body]
undefined
[ 2025-02-23 12:00:28 AM ] [ Test Server ]  -  Response /api/admin/commentcount 
{
  "headers": {
    "x-powered-by": "Express",
    "access-control-allow-origin": "*"
  },
  "statusCode": 200
}
[Body]
{
  "statusCode": 200,
  "message": "success",
  "data": [
    {
      "countComment": {
        "commentCount": "3"
      }
    }
  ],
  "error": null
}
[ 2025-02-23 12:08:46 AM ] [ Test Server ]  -  Query: undefined 
{
  "query": "SELECT * FROM user_mst WHERE index = :userId;",
  "params": {
    "userId": 20
  }
}
[Body]
undefined
[ 2025-02-23 12:08:46 AM ] [ Test Server ]  -  Raw Query: undefined 
{
  "text": "SELECT * FROM user_mst WHERE index = $1;",
  "values": [
    20
  ]
}
[Body]
undefined
[ 2025-02-23 12:08:46 AM ] [ Test Server ]  -  Raw Query: undefined 
{
  "text": " SELECT COUNT(*) AS post_count FROM post_info",
  "values": []
}
[Body]
undefined
[ 2025-02-23 12:08:46 AM ] [ Test Server ]  -  Response /api/admin/postcount 
{
  "headers": {
    "x-powered-by": "Express",
    "access-control-allow-origin": "*"
  },
  "statusCode": 200
}
[Body]
{
  "statusCode": 200,
  "message": "success",
  "data": [
    {
      "postCount": "6"
    }
  ],
  "error": null
}
[ 2025-02-23 12:09:55 AM ] [ Test Server ]  -  Query: undefined 
{
  "query": "SELECT * FROM user_mst WHERE index = :userId;",
  "params": {
    "userId": 20
  }
}
[Body]
undefined
[ 2025-02-23 12:09:55 AM ] [ Test Server ]  -  Raw Query: undefined 
{
  "text": "SELECT * FROM user_mst WHERE index = $1;",
  "values": [
    20
  ]
}
[Body]
undefined
[ 2025-02-23 12:09:55 AM ] [ Test Server ]  -  Raw Query: undefined 
{
  "text": " SELECT COUNT(*) AS post_count FROM post_info",
  "values": []
}
[Body]
undefined
[ 2025-02-23 12:09:55 AM ] [ Test Server ]  -  Response /api/admin/postcount 
{
  "headers": {
    "x-powered-by": "Express",
    "access-control-allow-origin": "*"
  },
  "statusCode": 200
}
[Body]
{
  "statusCode": 200,
  "message": "success",
  "data": [
    {
      "postCount": "6"
    }
  ],
  "error": null
}
